04, 30, 2016 (19:33:29): Opening rpy file C:\Program Files (x86)\IBM\Rational\Rhapsody Modeler\7.5\Share\Properties\PredefinedTypes.sbs
04, 30, 2016 (19:33:29): 
 Started loading C:\Program Files (x86)\IBM\Rational\Rhapsody Modeler\7.5\Share\Properties\PredefinedTypes.sbs on Saturday, April 30, 2016 (19:33:29).-

04, 30, 2016 (19:33:29): 

Starting inUnit resolution phase


04, 30, 2016 (19:33:29): 

Finished inUnit resolution phase


04, 30, 2016 (19:33:29): 
 Finished loading C:\Program Files (x86)\IBM\Rational\Rhapsody Modeler\7.5\Share\Properties\PredefinedTypes.sbs on Saturday, April 30, 2016 (19:33:29).-

04, 30, 2016 (19:33:29): Opening rpy file C:\Program Files (x86)\IBM\Rational\Rhapsody Modeler\7.5\Share\Properties\PredefinedTypesC++.sbs
04, 30, 2016 (19:33:29): 
 Started loading C:\Program Files (x86)\IBM\Rational\Rhapsody Modeler\7.5\Share\Properties\PredefinedTypesC++.sbs on Saturday, April 30, 2016 (19:33:29).-

04, 30, 2016 (19:33:29): 

Starting inUnit resolution phase


04, 30, 2016 (19:33:29): 

Finished inUnit resolution phase


04, 30, 2016 (19:33:29): 
 Finished loading C:\Program Files (x86)\IBM\Rational\Rhapsody Modeler\7.5\Share\Properties\PredefinedTypesC++.sbs on Saturday, April 30, 2016 (19:33:29).-

04, 30, 2016 (19:33:29): Opening rpy file E:\ES670A\es670\model\Projeto_ES670.rpy
04, 30, 2016 (19:33:29): 
 Started loading E:\ES670A\es670\model\Projeto_ES670.rpy on Saturday, April 30, 2016 (19:33:29).-

04, 30, 2016 (19:33:29): Opening rpy file E:\ES670A\es670\model\Projeto_ES670_rpy\_Projeto_Pratico.sbs
04, 30, 2016 (19:33:29): 
 Started loading E:\ES670A\es670\model\Projeto_ES670_rpy\_Projeto_Pratico.sbs on Saturday, April 30, 2016 (19:33:29).-

04, 30, 2016 (19:33:29): 

Starting inUnit resolution phase


04, 30, 2016 (19:33:29): 

Finished inUnit resolution phase


04, 30, 2016 (19:33:29): 
 Finished loading E:\ES670A\es670\model\Projeto_ES670_rpy\_Projeto_Pratico.sbs on Saturday, April 30, 2016 (19:33:29).-

04, 30, 2016 (19:33:29): Opening rpy file E:\ES670A\es670\model\Projeto_ES670_rpy\_Requisitos.sbs
04, 30, 2016 (19:33:29): 
 Started loading E:\ES670A\es670\model\Projeto_ES670_rpy\_Requisitos.sbs on Saturday, April 30, 2016 (19:33:29).-

04, 30, 2016 (19:33:29): 

Starting inUnit resolution phase


04, 30, 2016 (19:33:29): 

Finished inUnit resolution phase


04, 30, 2016 (19:33:29): 
 Finished loading E:\ES670A\es670\model\Projeto_ES670_rpy\_Requisitos.sbs on Saturday, April 30, 2016 (19:33:29).-

04, 30, 2016 (19:33:29): Opening rpy file E:\ES670A\es670\model\Projeto_ES670_rpy\sources.sbs
04, 30, 2016 (19:33:29): 
 Started loading E:\ES670A\es670\model\Projeto_ES670_rpy\sources.sbs on Saturday, April 30, 2016 (19:33:29).-

04, 30, 2016 (19:33:29): Opening rpy file E:\ES670A\es670\model\Projeto_ES670_rpy\main.sbs
04, 30, 2016 (19:33:29): 
 Started loading E:\ES670A\es670\model\Projeto_ES670_rpy\main.sbs on Saturday, April 30, 2016 (19:33:29).-

04, 30, 2016 (19:33:29): 

Starting inUnit resolution phase


04, 30, 2016 (19:33:29): 

Finished inUnit resolution phase


04, 30, 2016 (19:33:29): 
 Finished loading E:\ES670A\es670\model\Projeto_ES670_rpy\main.sbs on Saturday, April 30, 2016 (19:33:29).-

04, 30, 2016 (19:33:29): Opening rpy file E:\ES670A\es670\model\Projeto_ES670_rpy\hal.sbs
04, 30, 2016 (19:33:29): 
 Started loading E:\ES670A\es670\model\Projeto_ES670_rpy\hal.sbs on Saturday, April 30, 2016 (19:33:29).-

04, 30, 2016 (19:33:29): Opening rpy file E:\ES670A\es670\model\Projeto_ES670_rpy\ledswi.sbs
04, 30, 2016 (19:33:29): 
 Started loading E:\ES670A\es670\model\Projeto_ES670_rpy\ledswi.sbs on Saturday, April 30, 2016 (19:33:29).-

04, 30, 2016 (19:33:29): 

Starting inUnit resolution phase


04, 30, 2016 (19:33:29): 

Finished inUnit resolution phase


04, 30, 2016 (19:33:29): 
 Finished loading E:\ES670A\es670\model\Projeto_ES670_rpy\ledswi.sbs on Saturday, April 30, 2016 (19:33:29).-

04, 30, 2016 (19:33:29): Opening rpy file E:\ES670A\es670\model\Projeto_ES670_rpy\buzzer.sbs
04, 30, 2016 (19:33:29): 
 Started loading E:\ES670A\es670\model\Projeto_ES670_rpy\buzzer.sbs on Saturday, April 30, 2016 (19:33:29).-

04, 30, 2016 (19:33:29): 

Starting inUnit resolution phase


04, 30, 2016 (19:33:29): 

Finished inUnit resolution phase


04, 30, 2016 (19:33:29): 
 Finished loading E:\ES670A\es670\model\Projeto_ES670_rpy\buzzer.sbs on Saturday, April 30, 2016 (19:33:29).-

04, 30, 2016 (19:33:29): Opening rpy file E:\ES670A\es670\model\Projeto_ES670_rpy\util.sbs
04, 30, 2016 (19:33:29): 
 Started loading E:\ES670A\es670\model\Projeto_ES670_rpy\util.sbs on Saturday, April 30, 2016 (19:33:29).-

04, 30, 2016 (19:33:29): 

Starting inUnit resolution phase


04, 30, 2016 (19:33:29): 

Finished inUnit resolution phase


04, 30, 2016 (19:33:29): 
 Finished loading E:\ES670A\es670\model\Projeto_ES670_rpy\util.sbs on Saturday, April 30, 2016 (19:33:29).-

04, 30, 2016 (19:33:29): Opening rpy file E:\ES670A\es670\model\Projeto_ES670_rpy\mcg.sbs
04, 30, 2016 (19:33:29): 
 Started loading E:\ES670A\es670\model\Projeto_ES670_rpy\mcg.sbs on Saturday, April 30, 2016 (19:33:29).-

04, 30, 2016 (19:33:29): 

Starting inUnit resolution phase


04, 30, 2016 (19:33:29): 

Finished inUnit resolution phase


04, 30, 2016 (19:33:29): 
 Finished loading E:\ES670A\es670\model\Projeto_ES670_rpy\mcg.sbs on Saturday, April 30, 2016 (19:33:29).-

04, 30, 2016 (19:33:29): Opening rpy file E:\ES670A\es670\model\Projeto_ES670_rpy\display_7segments.sbs
04, 30, 2016 (19:33:29): 
 Started loading E:\ES670A\es670\model\Projeto_ES670_rpy\display_7segments.sbs on Saturday, April 30, 2016 (19:33:29).-

04, 30, 2016 (19:33:29): 

Starting inUnit resolution phase


04, 30, 2016 (19:33:29): 

Finished inUnit resolution phase


04, 30, 2016 (19:33:29): 
 Finished loading E:\ES670A\es670\model\Projeto_ES670_rpy\display_7segments.sbs on Saturday, April 30, 2016 (19:33:29).-

04, 30, 2016 (19:33:29): Opening rpy file E:\ES670A\es670\model\Projeto_ES670_rpy\es670_peripheral_board.sbs
04, 30, 2016 (19:33:29): 
 Started loading E:\ES670A\es670\model\Projeto_ES670_rpy\es670_peripheral_board.sbs on Saturday, April 30, 2016 (19:33:29).-

04, 30, 2016 (19:33:29): 

Starting inUnit resolution phase


04, 30, 2016 (19:33:29): 

Finished inUnit resolution phase


04, 30, 2016 (19:33:29): 
 Finished loading E:\ES670A\es670\model\Projeto_ES670_rpy\es670_peripheral_board.sbs on Saturday, April 30, 2016 (19:33:29).-

04, 30, 2016 (19:33:29): Opening rpy file E:\ES670A\es670\model\Projeto_ES670_rpy\uart.sbs
04, 30, 2016 (19:33:29): 
 Started loading E:\ES670A\es670\model\Projeto_ES670_rpy\uart.sbs on Saturday, April 30, 2016 (19:33:29).-

04, 30, 2016 (19:33:29): 

Starting inUnit resolution phase


04, 30, 2016 (19:33:29): 

Finished inUnit resolution phase


04, 30, 2016 (19:33:29): 
 Finished loading E:\ES670A\es670\model\Projeto_ES670_rpy\uart.sbs on Saturday, April 30, 2016 (19:33:29).-

04, 30, 2016 (19:33:29): 

Starting inUnit resolution phase


04, 30, 2016 (19:33:29): 

Finished inUnit resolution phase


04, 30, 2016 (19:33:29): 
 Finished loading E:\ES670A\es670\model\Projeto_ES670_rpy\hal.sbs on Saturday, April 30, 2016 (19:33:29).-

04, 30, 2016 (19:33:29): 

Starting inUnit resolution phase


04, 30, 2016 (19:33:29): 

Finished inUnit resolution phase


04, 30, 2016 (19:33:29): 
 Finished loading E:\ES670A\es670\model\Projeto_ES670_rpy\sources.sbs on Saturday, April 30, 2016 (19:33:29).-

04, 30, 2016 (19:33:29): Opening rpy file E:\ES670A\es670\model\Projeto_ES670_rpy\FRDM_KL25Z.cmp
04, 30, 2016 (19:33:29): 
 Started loading E:\ES670A\es670\model\Projeto_ES670_rpy\FRDM_KL25Z.cmp on Saturday, April 30, 2016 (19:33:29).-

04, 30, 2016 (19:33:29): 

Starting inUnit resolution phase


04, 30, 2016 (19:33:29): 

Finished inUnit resolution phase


04, 30, 2016 (19:33:29): 
 Finished loading E:\ES670A\es670\model\Projeto_ES670_rpy\FRDM_KL25Z.cmp on Saturday, April 30, 2016 (19:33:29).-

04, 30, 2016 (19:33:29): 

Starting inUnit resolution phase


04, 30, 2016 (19:33:29): 

Finished inUnit resolution phase


04, 30, 2016 (19:33:29): 

Starting inUnit resolution phase


04, 30, 2016 (19:33:29): 

Finished inUnit resolution phase


04, 30, 2016 (19:33:29): 

Starting inUnit resolution phase


04, 30, 2016 (19:33:29): 

Finished inUnit resolution phase


04, 30, 2016 (19:33:29): 
 Finished loading E:\ES670A\es670\model\Projeto_ES670.rpy on Saturday, April 30, 2016 (19:33:29).-

04, 30, 2016 (19:33:29): Starting checks of EventsBaseID conflicts
04, 30, 2016 (19:33:29): Finished checks of EventsBaseID conflicts
04, 30, 2016 (19:33:29): End Log
