05, 20, 2016 (14:54:29): Opening rpy file C:\Program Files (x86)\IBM\Rational\Rhapsody Modeler\7.5\Share\Properties\PredefinedTypes.sbs
05, 20, 2016 (14:54:29): 
 Started loading C:\Program Files (x86)\IBM\Rational\Rhapsody Modeler\7.5\Share\Properties\PredefinedTypes.sbs on Friday, May 20, 2016 (14:54:29).-

05, 20, 2016 (14:54:29): 

Starting inUnit resolution phase


05, 20, 2016 (14:54:29): 

Finished inUnit resolution phase


05, 20, 2016 (14:54:29): 
 Finished loading C:\Program Files (x86)\IBM\Rational\Rhapsody Modeler\7.5\Share\Properties\PredefinedTypes.sbs on Friday, May 20, 2016 (14:54:29).-

05, 20, 2016 (14:54:29): Opening rpy file C:\Program Files (x86)\IBM\Rational\Rhapsody Modeler\7.5\Share\Properties\PredefinedTypesC++.sbs
05, 20, 2016 (14:54:29): 
 Started loading C:\Program Files (x86)\IBM\Rational\Rhapsody Modeler\7.5\Share\Properties\PredefinedTypesC++.sbs on Friday, May 20, 2016 (14:54:29).-

05, 20, 2016 (14:54:29): 

Starting inUnit resolution phase


05, 20, 2016 (14:54:29): 

Finished inUnit resolution phase


05, 20, 2016 (14:54:29): 
 Finished loading C:\Program Files (x86)\IBM\Rational\Rhapsody Modeler\7.5\Share\Properties\PredefinedTypesC++.sbs on Friday, May 20, 2016 (14:54:29).-

05, 20, 2016 (14:54:29): Opening rpy file F:\ES670A\670\es670\model\Projeto_ES670.rpy
05, 20, 2016 (14:54:29): 
 Started loading F:\ES670A\670\es670\model\Projeto_ES670.rpy on Friday, May 20, 2016 (14:54:29).-

05, 20, 2016 (14:54:29): Opening rpy file F:\ES670A\670\es670\model\Projeto_ES670_rpy\_Projeto_Pratico.sbs
05, 20, 2016 (14:54:29): 
 Started loading F:\ES670A\670\es670\model\Projeto_ES670_rpy\_Projeto_Pratico.sbs on Friday, May 20, 2016 (14:54:29).-

05, 20, 2016 (14:54:29): 

Starting inUnit resolution phase


05, 20, 2016 (14:54:29): 

Finished inUnit resolution phase


05, 20, 2016 (14:54:29): 
 Finished loading F:\ES670A\670\es670\model\Projeto_ES670_rpy\_Projeto_Pratico.sbs on Friday, May 20, 2016 (14:54:29).-

05, 20, 2016 (14:54:29): Opening rpy file F:\ES670A\670\es670\model\Projeto_ES670_rpy\_Requisitos.sbs
05, 20, 2016 (14:54:29): 
 Started loading F:\ES670A\670\es670\model\Projeto_ES670_rpy\_Requisitos.sbs on Friday, May 20, 2016 (14:54:29).-

05, 20, 2016 (14:54:29): 

Starting inUnit resolution phase


05, 20, 2016 (14:54:29): 

Finished inUnit resolution phase


05, 20, 2016 (14:54:29): 
 Finished loading F:\ES670A\670\es670\model\Projeto_ES670_rpy\_Requisitos.sbs on Friday, May 20, 2016 (14:54:29).-

05, 20, 2016 (14:54:29): Opening rpy file F:\ES670A\670\es670\model\Projeto_ES670_rpy\sources.sbs
05, 20, 2016 (14:54:29): 
 Started loading F:\ES670A\670\es670\model\Projeto_ES670_rpy\sources.sbs on Friday, May 20, 2016 (14:54:29).-

05, 20, 2016 (14:54:29): Opening rpy file F:\ES670A\670\es670\model\Projeto_ES670_rpy\main.sbs
05, 20, 2016 (14:54:29): 
 Started loading F:\ES670A\670\es670\model\Projeto_ES670_rpy\main.sbs on Friday, May 20, 2016 (14:54:29).-

05, 20, 2016 (14:54:29): 

Starting inUnit resolution phase


05, 20, 2016 (14:54:29): 

Finished inUnit resolution phase


05, 20, 2016 (14:54:29): 
 Finished loading F:\ES670A\670\es670\model\Projeto_ES670_rpy\main.sbs on Friday, May 20, 2016 (14:54:29).-

05, 20, 2016 (14:54:29): Opening rpy file F:\ES670A\670\es670\model\Projeto_ES670_rpy\hal.sbs
05, 20, 2016 (14:54:29): 
 Started loading F:\ES670A\670\es670\model\Projeto_ES670_rpy\hal.sbs on Friday, May 20, 2016 (14:54:29).-

05, 20, 2016 (14:54:29): Opening rpy file F:\ES670A\670\es670\model\Projeto_ES670_rpy\ledswi.sbs
05, 20, 2016 (14:54:29): 
 Started loading F:\ES670A\670\es670\model\Projeto_ES670_rpy\ledswi.sbs on Friday, May 20, 2016 (14:54:29).-

05, 20, 2016 (14:54:29): 

Starting inUnit resolution phase


05, 20, 2016 (14:54:29): 

Finished inUnit resolution phase


05, 20, 2016 (14:54:29): 
 Finished loading F:\ES670A\670\es670\model\Projeto_ES670_rpy\ledswi.sbs on Friday, May 20, 2016 (14:54:29).-

05, 20, 2016 (14:54:29): Opening rpy file F:\ES670A\670\es670\model\Projeto_ES670_rpy\buzzer.sbs
05, 20, 2016 (14:54:29): 
 Started loading F:\ES670A\670\es670\model\Projeto_ES670_rpy\buzzer.sbs on Friday, May 20, 2016 (14:54:29).-

05, 20, 2016 (14:54:29): 

Starting inUnit resolution phase


05, 20, 2016 (14:54:29): 

Finished inUnit resolution phase


05, 20, 2016 (14:54:29): 
 Finished loading F:\ES670A\670\es670\model\Projeto_ES670_rpy\buzzer.sbs on Friday, May 20, 2016 (14:54:29).-

05, 20, 2016 (14:54:29): Opening rpy file F:\ES670A\670\es670\model\Projeto_ES670_rpy\util.sbs
05, 20, 2016 (14:54:29): 
 Started loading F:\ES670A\670\es670\model\Projeto_ES670_rpy\util.sbs on Friday, May 20, 2016 (14:54:29).-

05, 20, 2016 (14:54:29): 

Starting inUnit resolution phase


05, 20, 2016 (14:54:29): 

Finished inUnit resolution phase


05, 20, 2016 (14:54:29): 
 Finished loading F:\ES670A\670\es670\model\Projeto_ES670_rpy\util.sbs on Friday, May 20, 2016 (14:54:29).-

05, 20, 2016 (14:54:29): Opening rpy file F:\ES670A\670\es670\model\Projeto_ES670_rpy\mcg.sbs
05, 20, 2016 (14:54:29): 
 Started loading F:\ES670A\670\es670\model\Projeto_ES670_rpy\mcg.sbs on Friday, May 20, 2016 (14:54:29).-

05, 20, 2016 (14:54:29): 

Starting inUnit resolution phase


05, 20, 2016 (14:54:29): 

Finished inUnit resolution phase


05, 20, 2016 (14:54:29): 
 Finished loading F:\ES670A\670\es670\model\Projeto_ES670_rpy\mcg.sbs on Friday, May 20, 2016 (14:54:29).-

05, 20, 2016 (14:54:29): Opening rpy file F:\ES670A\670\es670\model\Projeto_ES670_rpy\display_7segments.sbs
05, 20, 2016 (14:54:29): 
 Started loading F:\ES670A\670\es670\model\Projeto_ES670_rpy\display_7segments.sbs on Friday, May 20, 2016 (14:54:29).-

05, 20, 2016 (14:54:29): 

Starting inUnit resolution phase


05, 20, 2016 (14:54:29): 

Finished inUnit resolution phase


05, 20, 2016 (14:54:29): 
 Finished loading F:\ES670A\670\es670\model\Projeto_ES670_rpy\display_7segments.sbs on Friday, May 20, 2016 (14:54:29).-

05, 20, 2016 (14:54:29): Opening rpy file F:\ES670A\670\es670\model\Projeto_ES670_rpy\es670_peripheral_board.sbs
05, 20, 2016 (14:54:29): 
 Started loading F:\ES670A\670\es670\model\Projeto_ES670_rpy\es670_peripheral_board.sbs on Friday, May 20, 2016 (14:54:29).-

05, 20, 2016 (14:54:29): 

Starting inUnit resolution phase


05, 20, 2016 (14:54:29): 

Finished inUnit resolution phase


05, 20, 2016 (14:54:29): 
 Finished loading F:\ES670A\670\es670\model\Projeto_ES670_rpy\es670_peripheral_board.sbs on Friday, May 20, 2016 (14:54:29).-

05, 20, 2016 (14:54:29): Opening rpy file F:\ES670A\670\es670\model\Projeto_ES670_rpy\uart.sbs
05, 20, 2016 (14:54:29): 
 Started loading F:\ES670A\670\es670\model\Projeto_ES670_rpy\uart.sbs on Friday, May 20, 2016 (14:54:29).-

05, 20, 2016 (14:54:30): 

Starting inUnit resolution phase


05, 20, 2016 (14:54:30): 

Finished inUnit resolution phase


05, 20, 2016 (14:54:30): 
 Finished loading F:\ES670A\670\es670\model\Projeto_ES670_rpy\uart.sbs on Friday, May 20, 2016 (14:54:30).-

05, 20, 2016 (14:54:30): Opening rpy file F:\ES670A\670\es670\model\Projeto_ES670_rpy\lcd.sbs
05, 20, 2016 (14:54:30): 
 Started loading F:\ES670A\670\es670\model\Projeto_ES670_rpy\lcd.sbs on Friday, May 20, 2016 (14:54:30).-

05, 20, 2016 (14:54:30): 

Starting inUnit resolution phase


05, 20, 2016 (14:54:30): 

Finished inUnit resolution phase


05, 20, 2016 (14:54:30): 
 Finished loading F:\ES670A\670\es670\model\Projeto_ES670_rpy\lcd.sbs on Friday, May 20, 2016 (14:54:30).-

05, 20, 2016 (14:54:30): 

Starting inUnit resolution phase


05, 20, 2016 (14:54:30): 

Finished inUnit resolution phase


05, 20, 2016 (14:54:30): 
 Finished loading F:\ES670A\670\es670\model\Projeto_ES670_rpy\hal.sbs on Friday, May 20, 2016 (14:54:30).-

05, 20, 2016 (14:54:30): 

Starting inUnit resolution phase


05, 20, 2016 (14:54:30): 

Finished inUnit resolution phase


05, 20, 2016 (14:54:30): 
 Finished loading F:\ES670A\670\es670\model\Projeto_ES670_rpy\sources.sbs on Friday, May 20, 2016 (14:54:30).-

05, 20, 2016 (14:54:30): Opening rpy file F:\ES670A\670\es670\model\Projeto_ES670_rpy\FRDM_KL25Z.cmp
05, 20, 2016 (14:54:30): 
 Started loading F:\ES670A\670\es670\model\Projeto_ES670_rpy\FRDM_KL25Z.cmp on Friday, May 20, 2016 (14:54:30).-

05, 20, 2016 (14:54:30): 

Starting inUnit resolution phase


05, 20, 2016 (14:54:30): 

Finished inUnit resolution phase


05, 20, 2016 (14:54:30): 
 Finished loading F:\ES670A\670\es670\model\Projeto_ES670_rpy\FRDM_KL25Z.cmp on Friday, May 20, 2016 (14:54:30).-

05, 20, 2016 (14:54:30): 

Starting inUnit resolution phase


05, 20, 2016 (14:54:30): 

Finished inUnit resolution phase


05, 20, 2016 (14:54:30): 

Starting inUnit resolution phase


05, 20, 2016 (14:54:30): 

Finished inUnit resolution phase


05, 20, 2016 (14:54:30): 

Starting inUnit resolution phase


05, 20, 2016 (14:54:30): 

Finished inUnit resolution phase


05, 20, 2016 (14:54:30): 
 Finished loading F:\ES670A\670\es670\model\Projeto_ES670.rpy on Friday, May 20, 2016 (14:54:30).-

05, 20, 2016 (14:54:30): Starting checks of EventsBaseID conflicts
05, 20, 2016 (14:54:30): Finished checks of EventsBaseID conflicts
05, 20, 2016 (14:54:30): End Log
