06, 10, 2016 (13:20:52): Starting Pre-Save actions

06, 10, 2016 (13:20:52): Starting Dialogs Check/Save
06, 10, 2016 (13:20:52): Finished Dialogs Check/Save
06, 10, 2016 (13:20:52): Starting Controlled Files Resolution
06, 10, 2016 (13:20:52): Finished Controlled Files Resolution
06, 10, 2016 (13:20:52): Finished Pre-Save actions

06, 10, 2016 (13:20:52): Creating E:\ES670A\670\es670\model\Projeto_ES670.rpy
06, 10, 2016 (13:20:52): 
Started writing E:\ES670A\670\es670\model\Projeto_ES670.rpy on Friday, June 10, 2016 (13:20:52)

06, 10, 2016 (13:20:52): version 8.5.2
06, 10, 2016 (13:20:52): 
Started writing E:\ES670A\670\es670\model\Projeto_ES670_rpy\filesTable.dat on Friday, June 10, 2016 (13:20:52)

06, 10, 2016 (13:20:52): Finished writing E:\ES670A\670\es670\model\Projeto_ES670_rpy\filesTable.dat on Friday, June 10, 2016 (13:20:52)

06, 10, 2016 (13:20:52): Creating E:\ES670A\670\es670\model\Projeto_ES670_rpy\cooler.sbs
06, 10, 2016 (13:20:52): 
Started writing E:\ES670A\670\es670\model\Projeto_ES670_rpy\cooler.sbs on Friday, June 10, 2016 (13:20:52)

06, 10, 2016 (13:20:52): version 8.5.2
06, 10, 2016 (13:20:52): Finished writing E:\ES670A\670\es670\model\Projeto_ES670_rpy\cooler.sbs on Friday, June 10, 2016 (13:20:52)

06, 10, 2016 (13:20:52): Finished writing E:\ES670A\670\es670\model\Projeto_ES670.rpy on Friday, June 10, 2016 (13:20:52)

06, 10, 2016 (13:20:52): End Log
