22:40:39 **** Incremental Build of configuration Debug for project implementation ****
make all 
'Building file: ../sources/hal/uart/interpreter.c'
'Invoking: Cross ARM C Compiler'
arm-none-eabi-gcc -mcpu=cortex-m0plus -mthumb -O0 -fmessage-length=0 -fsigned-char -ffunction-sections -fdata-sections  -g3 -D"CPU_MKL25Z128VLK4" -I"../Sources" -I"../Project_Settings/Startup_Code" -I"../SDK/platform/CMSIS/Include" -I"../SDK/platform/devices" -I"../SDK/platform/devices/MKL25Z4/include" -I"C:\Freescale\KSDK_1.2.0\platform\system\inc" -I"C:\Freescale\KSDK_1.2.0\platform\hal\inc" -I"C:\Freescale\KSDK_1.2.0\platform\drivers\inc" -I"C:\Freescale\KSDK_1.2.0\platform\utilities\inc" -I"C:\Freescale\KSDK_1.2.0\platform\osa\inc" -I"C:\Freescale\KSDK_1.2.0\platform\utilities\src" -I"C:\Freescale\KSDK_1.2.0/platform/utilities/inc" -I"C:\Freescale\KSDK_1.2.0/platform/utilities/src" -std=c99 -MMD -MP -MF"sources/hal/uart/interpreter.d" -MT"sources/hal/uart/interpreter.o" -c -o "sources/hal/uart/interpreter.o" "../sources/hal/uart/interpreter.c"
'Finished building: ../sources/hal/uart/interpreter.c'
' '
'Building file: ../sources/hal/uart/print_scan.c'
'Invoking: Cross ARM C Compiler'
arm-none-eabi-gcc -mcpu=cortex-m0plus -mthumb -O0 -fmessage-length=0 -fsigned-char -ffunction-sections -fdata-sections  -g3 -D"CPU_MKL25Z128VLK4" -I"../Sources" -I"../Project_Settings/Startup_Code" -I"../SDK/platform/CMSIS/Include" -I"../SDK/platform/devices" -I"../SDK/platform/devices/MKL25Z4/include" -I"C:\Freescale\KSDK_1.2.0\platform\system\inc" -I"C:\Freescale\KSDK_1.2.0\platform\hal\inc" -I"C:\Freescale\KSDK_1.2.0\platform\drivers\inc" -I"C:\Freescale\KSDK_1.2.0\platform\utilities\inc" -I"C:\Freescale\KSDK_1.2.0\platform\osa\inc" -I"C:\Freescale\KSDK_1.2.0\platform\utilities\src" -I"C:\Freescale\KSDK_1.2.0/platform/utilities/inc" -I"C:\Freescale\KSDK_1.2.0/platform/utilities/src" -std=c99 -MMD -MP -MF"sources/hal/uart/print_scan.d" -MT"sources/hal/uart/print_scan.o" -c -o "sources/hal/uart/print_scan.o" "../sources/hal/uart/print_scan.c"
'Finished building: ../sources/hal/uart/print_scan.c'
' '
'Building file: ../sources/hal/mcg/mcg.c'
'Invoking: Cross ARM C Compiler'
arm-none-eabi-gcc -mcpu=cortex-m0plus -mthumb -O0 -fmessage-length=0 -fsigned-char -ffunction-sections -fdata-sections  -g3 -D"CPU_MKL25Z128VLK4" -I"../Sources" -I"../Project_Settings/Startup_Code" -I"../SDK/platform/CMSIS/Include" -I"../SDK/platform/devices" -I"../SDK/platform/devices/MKL25Z4/include" -I"C:\Freescale\KSDK_1.2.0\platform\system\inc" -I"C:\Freescale\KSDK_1.2.0\platform\hal\inc" -I"C:\Freescale\KSDK_1.2.0\platform\drivers\inc" -I"C:\Freescale\KSDK_1.2.0\platform\utilities\inc" -I"C:\Freescale\KSDK_1.2.0\platform\osa\inc" -I"C:\Freescale\KSDK_1.2.0\platform\utilities\src" -I"C:\Freescale\KSDK_1.2.0/platform/utilities/inc" -I"C:\Freescale\KSDK_1.2.0/platform/utilities/src" -std=c99 -MMD -MP -MF"sources/hal/mcg/mcg.d" -MT"sources/hal/mcg/mcg.o" -c -o "sources/hal/mcg/mcg.o" "../sources/hal/mcg/mcg.c"
'Finished building: ../sources/hal/mcg/mcg.c'
' '
'Building file: ../sources/hal/ledswi/ledswi.c'
'Invoking: Cross ARM C Compiler'
arm-none-eabi-gcc -mcpu=cortex-m0plus -mthumb -O0 -fmessage-length=0 -fsigned-char -ffunction-sections -fdata-sections  -g3 -D"CPU_MKL25Z128VLK4" -I"../Sources" -I"../Project_Settings/Startup_Code" -I"../SDK/platform/CMSIS/Include" -I"../SDK/platform/devices" -I"../SDK/platform/devices/MKL25Z4/include" -I"C:\Freescale\KSDK_1.2.0\platform\system\inc" -I"C:\Freescale\KSDK_1.2.0\platform\hal\inc" -I"C:\Freescale\KSDK_1.2.0\platform\drivers\inc" -I"C:\Freescale\KSDK_1.2.0\platform\utilities\inc" -I"C:\Freescale\KSDK_1.2.0\platform\osa\inc" -I"C:\Freescale\KSDK_1.2.0\platform\utilities\src" -I"C:\Freescale\KSDK_1.2.0/platform/utilities/inc" -I"C:\Freescale\KSDK_1.2.0/platform/utilities/src" -std=c99 -MMD -MP -MF"sources/hal/ledswi/ledswi.d" -MT"sources/hal/ledswi/ledswi.o" -c -o "sources/hal/ledswi/ledswi.o" "../sources/hal/ledswi/ledswi.c"
'Finished building: ../sources/hal/ledswi/ledswi.c'
' '
'Building file: ../sources/hal/display_7segments/display_7segments.c'
'Invoking: Cross ARM C Compiler'
arm-none-eabi-gcc -mcpu=cortex-m0plus -mthumb -O0 -fmessage-length=0 -fsigned-char -ffunction-sections -fdata-sections  -g3 -D"CPU_MKL25Z128VLK4" -I"../Sources" -I"../Project_Settings/Startup_Code" -I"../SDK/platform/CMSIS/Include" -I"../SDK/platform/devices" -I"../SDK/platform/devices/MKL25Z4/include" -I"C:\Freescale\KSDK_1.2.0\platform\system\inc" -I"C:\Freescale\KSDK_1.2.0\platform\hal\inc" -I"C:\Freescale\KSDK_1.2.0\platform\drivers\inc" -I"C:\Freescale\KSDK_1.2.0\platform\utilities\inc" -I"C:\Freescale\KSDK_1.2.0\platform\osa\inc" -I"C:\Freescale\KSDK_1.2.0\platform\utilities\src" -I"C:\Freescale\KSDK_1.2.0/platform/utilities/inc" -I"C:\Freescale\KSDK_1.2.0/platform/utilities/src" -std=c99 -MMD -MP -MF"sources/hal/display_7segments/display_7segments.d" -MT"sources/hal/display_7segments/display_7segments.o" -c -o "sources/hal/display_7segments/display_7segments.o" "../sources/hal/display_7segments/display_7segments.c"
'Finished building: ../sources/hal/display_7segments/display_7segments.c'
' '
'Building file: ../sources/hal/buzzer/buzzer.c'
'Invoking: Cross ARM C Compiler'
arm-none-eabi-gcc -mcpu=cortex-m0plus -mthumb -O0 -fmessage-length=0 -fsigned-char -ffunction-sections -fdata-sections  -g3 -D"CPU_MKL25Z128VLK4" -I"../Sources" -I"../Project_Settings/Startup_Code" -I"../SDK/platform/CMSIS/Include" -I"../SDK/platform/devices" -I"../SDK/platform/devices/MKL25Z4/include" -I"C:\Freescale\KSDK_1.2.0\platform\system\inc" -I"C:\Freescale\KSDK_1.2.0\platform\hal\inc" -I"C:\Freescale\KSDK_1.2.0\platform\drivers\inc" -I"C:\Freescale\KSDK_1.2.0\platform\utilities\inc" -I"C:\Freescale\KSDK_1.2.0\platform\osa\inc" -I"C:\Freescale\KSDK_1.2.0\platform\utilities\src" -I"C:\Freescale\KSDK_1.2.0/platform/utilities/inc" -I"C:\Freescale\KSDK_1.2.0/platform/utilities/src" -std=c99 -MMD -MP -MF"sources/hal/buzzer/buzzer.d" -MT"sources/hal/buzzer/buzzer.o" -c -o "sources/hal/buzzer/buzzer.o" "../sources/hal/buzzer/buzzer.c"
'Finished building: ../sources/hal/buzzer/buzzer.c'
' '
'Building file: ../sources/main.c'
'Invoking: Cross ARM C Compiler'
arm-none-eabi-gcc -mcpu=cortex-m0plus -mthumb -O0 -fmessage-length=0 -fsigned-char -ffunction-sections -fdata-sections  -g3 -D"CPU_MKL25Z128VLK4" -I"../Sources" -I"../Project_Settings/Startup_Code" -I"../SDK/platform/CMSIS/Include" -I"../SDK/platform/devices" -I"../SDK/platform/devices/MKL25Z4/include" -I"C:\Freescale\KSDK_1.2.0\platform\system\inc" -I"C:\Freescale\KSDK_1.2.0\platform\hal\inc" -I"C:\Freescale\KSDK_1.2.0\platform\drivers\inc" -I"C:\Freescale\KSDK_1.2.0\platform\utilities\inc" -I"C:\Freescale\KSDK_1.2.0\platform\osa\inc" -I"C:\Freescale\KSDK_1.2.0\platform\utilities\src" -I"C:\Freescale\KSDK_1.2.0/platform/utilities/inc" -I"C:\Freescale\KSDK_1.2.0/platform/utilities/src" -std=c99 -MMD -MP -MF"sources/main.d" -MT"sources/main.o" -c -o "sources/main.o" "../sources/main.c"
'Finished building: ../sources/main.c'
' '
'Building file: ../Project_Settings/Startup_Code/startup.c'
'Invoking: Cross ARM C Compiler'
arm-none-eabi-gcc -mcpu=cortex-m0plus -mthumb -O0 -fmessage-length=0 -fsigned-char -ffunction-sections -fdata-sections  -g3 -D"CPU_MKL25Z128VLK4" -I"../Sources" -I"../Project_Settings/Startup_Code" -I"../SDK/platform/CMSIS/Include" -I"../SDK/platform/devices" -I"../SDK/platform/devices/MKL25Z4/include" -I"C:\Freescale\KSDK_1.2.0\platform\system\inc" -I"C:\Freescale\KSDK_1.2.0\platform\hal\inc" -I"C:\Freescale\KSDK_1.2.0\platform\drivers\inc" -I"C:\Freescale\KSDK_1.2.0\platform\utilities\inc" -I"C:\Freescale\KSDK_1.2.0\platform\osa\inc" -I"C:\Freescale\KSDK_1.2.0\platform\utilities\src" -I"C:\Freescale\KSDK_1.2.0/platform/utilities/inc" -I"C:\Freescale\KSDK_1.2.0/platform/utilities/src" -std=c99 -MMD -MP -MF"Project_Settings/Startup_Code/startup.d" -MT"Project_Settings/Startup_Code/startup.o" -c -o "Project_Settings/Startup_Code/startup.o" "../Project_Settings/Startup_Code/startup.c"
'Finished building: ../Project_Settings/Startup_Code/startup.c'
' '
'Building file: ../Project_Settings/Startup_Code/startup_MKL25Z4.S'
'Invoking: Cross ARM GNU Assembler'
arm-none-eabi-gcc -mcpu=cortex-m0plus -mthumb -O0 -fmessage-length=0 -fsigned-char -ffunction-sections -fdata-sections  -g3 -x assembler-with-cpp -MMD -MP -MF"Project_Settings/Startup_Code/startup_MKL25Z4.d" -MT"Project_Settings/Startup_Code/startup_MKL25Z4.o" -c -o "Project_Settings/Startup_Code/startup_MKL25Z4.o" "../Project_Settings/Startup_Code/startup_MKL25Z4.S"
'Finished building: ../Project_Settings/Startup_Code/startup_MKL25Z4.S'
' '
'Building file: ../Project_Settings/Startup_Code/system_MKL25Z4.c'
'Invoking: Cross ARM C Compiler'
arm-none-eabi-gcc -mcpu=cortex-m0plus -mthumb -O0 -fmessage-length=0 -fsigned-char -ffunction-sections -fdata-sections  -g3 -D"CPU_MKL25Z128VLK4" -I"../Sources" -I"../Project_Settings/Startup_Code" -I"../SDK/platform/CMSIS/Include" -I"../SDK/platform/devices" -I"../SDK/platform/devices/MKL25Z4/include" -I"C:\Freescale\KSDK_1.2.0\platform\system\inc" -I"C:\Freescale\KSDK_1.2.0\platform\hal\inc" -I"C:\Freescale\KSDK_1.2.0\platform\drivers\inc" -I"C:\Freescale\KSDK_1.2.0\platform\utilities\inc" -I"C:\Freescale\KSDK_1.2.0\platform\osa\inc" -I"C:\Freescale\KSDK_1.2.0\platform\utilities\src" -I"C:\Freescale\KSDK_1.2.0/platform/utilities/inc" -I"C:\Freescale\KSDK_1.2.0/platform/utilities/src" -std=c99 -MMD -MP -MF"Project_Settings/Startup_Code/system_MKL25Z4.d" -MT"Project_Settings/Startup_Code/system_MKL25Z4.o" -c -o "Project_Settings/Startup_Code/system_MKL25Z4.o" "../Project_Settings/Startup_Code/system_MKL25Z4.c"
'Finished building: ../Project_Settings/Startup_Code/system_MKL25Z4.c'
' '
'Building file: ../.metadata/.plugins/org.eclipse.cdt.make.core/specs.c'
'Invoking: Cross ARM C Compiler'
arm-none-eabi-gcc -mcpu=cortex-m0plus -mthumb -O0 -fmessage-length=0 -fsigned-char -ffunction-sections -fdata-sections  -g3 -D"CPU_MKL25Z128VLK4" -I"../Sources" -I"../Project_Settings/Startup_Code" -I"../SDK/platform/CMSIS/Include" -I"../SDK/platform/devices" -I"../SDK/platform/devices/MKL25Z4/include" -I"C:\Freescale\KSDK_1.2.0\platform\system\inc" -I"C:\Freescale\KSDK_1.2.0\platform\hal\inc" -I"C:\Freescale\KSDK_1.2.0\platform\drivers\inc" -I"C:\Freescale\KSDK_1.2.0\platform\utilities\inc" -I"C:\Freescale\KSDK_1.2.0\platform\osa\inc" -I"C:\Freescale\KSDK_1.2.0\platform\utilities\src" -I"C:\Freescale\KSDK_1.2.0/platform/utilities/inc" -I"C:\Freescale\KSDK_1.2.0/platform/utilities/src" -std=c99 -MMD -MP -MF".metadata/.plugins/org.eclipse.cdt.make.core/specs.d" -MT".metadata/.plugins/org.eclipse.cdt.make.core/specs.o" -c -o ".metadata/.plugins/org.eclipse.cdt.make.core/specs.o" "../.metadata/.plugins/org.eclipse.cdt.make.core/specs.c"
'Finished building: ../.metadata/.plugins/org.eclipse.cdt.make.core/specs.c'
' '
'Building target: implementation.elf'
'Invoking: Cross ARM C++ Linker'
arm-none-eabi-g++ -mcpu=cortex-m0plus -mthumb -O0 -fmessage-length=0 -fsigned-char -ffunction-sections -fdata-sections  -g3 -T "MKL25Z128xxx4_flash.ld" -Xlinker --gc-sections -L"F:/ES670A/es670/implementation/Project_Settings/Linker_Files" -Wl,-Map,"implementation.map" -specs=nosys.specs -specs=nano.specs -o "implementation.elf"  ./sources/hal/util/util.o  ./sources/hal/uart/debugUart.o ./sources/hal/uart/fsl_debug_console.o ./sources/hal/uart/interpreter.o ./sources/hal/uart/print_scan.o  ./sources/hal/mcg/mcg.o  ./sources/hal/ledswi/ledswi.o  ./sources/hal/display_7segments/display_7segments.o  ./sources/hal/buzzer/buzzer.o  ./sources/main.o  ./Project_Settings/Startup_Code/startup.o ./Project_Settings/Startup_Code/startup_MKL25Z4.o ./Project_Settings/Startup_Code/system_MKL25Z4.o  ./.metadata/.plugins/org.eclipse.cdt.make.core/specs.o  C:/Freescale/KSDK_1.2.0/lib/ksdk_platform_lib/kds/KL25Z4/debug/libksdk_platform.a 
'Finished building target: implementation.elf'
' '
22:40:52 **** Incremental Build of configuration Debug for project implementation ****
make all 
make: Nothing to be done for `all'.
